<?xml version="1.0" encoding="UTF-8"?>
<testsuite name="gradleframework.LibraryTest" tests="1" skipped="0" failures="0" errors="0" timestamp="2023-07-11T12:59:00" hostname="thq-m-cchen01" time="0.001">
  <properties/>
  <testcase name="someLibraryMethodReturnsTrue" classname="gradleframework.LibraryTest" time="0.001"/>
  <system-out><![CDATA[]]></system-out>
  <system-err><![CDATA[]]></system-err>
</testsuite>
